\BOOKMARK [1][-]{section.1}{\376\377\000I\000n\000t\000r\000o\000d\000u\000\347\000\343\000o\000\040\000\340\000\040\000d\000o\000c\000u\000m\000e\000n\000t\000a\000\347\000\343\000o}{}% 1
\BOOKMARK [1][-]{section.2}{\376\377\000M\000a\000n\000u\000a\000l\000\040\000d\000o\000\040\000u\000s\000u\000\341\000r\000i\000o}{}% 2
\BOOKMARK [2][-]{subsection.2.1}{\376\377\000M\000o\000d\000o\000\040\000l\000e\000i\000t\000u\000r\000a}{section.2}% 3
\BOOKMARK [2][-]{subsection.2.2}{\376\377\000M\000o\000d\000o\000\040\000A\000d\000m\000i\000n\000i\000s\000t\000r\000a\000d\000o\000r}{section.2}% 4
\BOOKMARK [3][-]{subsubsection.2.2.1}{\376\377\000C\000a\000d\000a\000s\000t\000r\000a\000r\000\040\000u\000m\000a\000\040\000n\000o\000v\000a\000\040\000d\000i\000g\000i\000t\000a\000l}{subsection.2.2}% 5
\BOOKMARK [3][-]{subsubsection.2.2.2}{\376\377\000A\000p\000a\000g\000a\000r\000\040\000u\000m\000a\000\040\000d\000i\000g\000i\000t\000a\000l\000\040\000e\000m\000\040\000e\000s\000p\000e\000c\000\355\000f\000i\000c\000a}{subsection.2.2}% 6
\BOOKMARK [3][-]{subsubsection.2.2.3}{\376\377\000A\000p\000a\000g\000a\000r\000\040\000t\000o\000d\000a\000s\000\040\000a\000s\000\040\000d\000i\000g\000i\000t\000a\000i\000s\000\040\000d\000o\000\040\000S\000e\000e\000d\000+\000+}{subsection.2.2}% 7
\BOOKMARK [2][-]{subsection.2.3}{\376\377\000P\000a\000r\000a\000\040\000s\000i\000t\000u\000a\000\347\000\365\000e\000s\000\040\000d\000e\000\040\000e\000m\000e\000r\000g\000\352\000n\000c\000i\000a}{section.2}% 8
\BOOKMARK [1][-]{section.3}{\376\377\000M\000a\000n\000u\000a\000l\000\040\000d\000o\000\040\000D\000e\000s\000e\000n\000v\000o\000l\000v\000e\000d\000o\000r}{}% 9
\BOOKMARK [2][-]{subsection.3.1}{\376\377\000I\000n\000t\000r\000o\000d\000u\000\347\000\343\000o\000\040\000b\000a\000s\000e}{section.3}% 10
\BOOKMARK [2][-]{subsection.3.2}{\376\377\000H\000a\000r\000d\000w\000a\000r\000e}{section.3}% 11
\BOOKMARK [3][-]{subsubsection.3.2.1}{\376\377\000P\000e\000\347\000a\000s\000\040\000u\000s\000a\000d\000a\000s}{subsection.3.2}% 12
\BOOKMARK [3][-]{subsubsection.3.2.2}{\376\377\000D\000i\000a\000g\000r\000a\000m\000a\000\040\000e\000s\000q\000u\000e\000m\000\341\000t\000i\000c\000o}{subsection.3.2}% 13
\BOOKMARK [3][-]{subsubsection.3.2.3}{\376\377\000O\000r\000i\000e\000n\000t\000a\000\347\000\365\000e\000s\000\040\000b\000\341\000s\000i\000c\000a\000s}{subsection.3.2}% 14
\BOOKMARK [2][-]{subsection.3.3}{\376\377\000S\000o\000f\000t\000w\000a\000r\000e}{section.3}% 15
\BOOKMARK [3][-]{subsubsection.3.3.1}{\376\377\000I\000n\000t\000r\000o\000d\000u\000\347\000\343\000o}{subsection.3.3}% 16
\BOOKMARK [3][-]{subsubsection.3.3.2}{\376\377\000A\000r\000q\000u\000i\000t\000e\000t\000u\000r\000a\000\040\000d\000o\000\040\000S\000o\000f\000t\000w\000a\000r\000e}{subsection.3.3}% 17
\BOOKMARK [3][-]{subsubsection.3.3.3}{\376\377\000F\000l\000u\000x\000o\000\040\000d\000e\000\040\000O\000p\000e\000r\000a\000\347\000\343\000o}{subsection.3.3}% 18
\BOOKMARK [3][-]{subsubsection.3.3.4}{\376\377\000I\000n\000t\000e\000r\000a\000\347\000\343\000o\000\040\000c\000o\000m\000\040\000o\000\040\000H\000a\000r\000d\000w\000a\000r\000e}{subsection.3.3}% 19
\BOOKMARK [3][-]{subsubsection.3.3.5}{\376\377\000M\000o\000d\000o\000s\000\040\000d\000e\000\040\000O\000p\000e\000r\000a\000\347\000\343\000o}{subsection.3.3}% 20
\BOOKMARK [3][-]{subsubsection.3.3.6}{\376\377\000T\000r\000a\000t\000a\000m\000e\000n\000t\000o\000\040\000d\000e\000\040\000E\000r\000r\000o\000s\000\040\000e\000\040\000F\000e\000e\000d\000b\000a\000c\000k\000\040\000d\000o\000\040\000U\000s\000u\000\341\000r\000i\000o}{subsection.3.3}% 21
\BOOKMARK [3][-]{subsubsection.3.3.7}{\376\377\000B\000o\000a\000s\000\040\000P\000r\000\341\000t\000i\000c\000a\000s\000\040\000e\000\040\000S\000e\000g\000u\000r\000a\000n\000\347\000a}{subsection.3.3}% 22
